TN:
SF:src/modules/tasks/services/CreateTaskService.ts
FN:11,CreateTaskService
FN:16,Object.<anonymous>.CreateTaskService.execute
FNF:2
FNH:2
FNDA:2,CreateTaskService
FNDA:3,Object.<anonymous>.CreateTaskService.execute
DA:1,1
DA:2,1
DA:3,1
DA:4,1
DA:5,1
DA:6,1
DA:7,1
DA:8,1
DA:9,1
DA:10,1
DA:11,1
DA:12,2
DA:13,2
DA:14,2
DA:15,1
DA:16,1
DA:17,3
DA:18,3
DA:19,3
DA:20,3
DA:21,3
DA:22,1
DA:23,1
DA:24,2
DA:25,2
DA:26,2
DA:27,2
DA:28,2
DA:29,2
DA:30,3
DA:31,3
DA:32,3
DA:33,1
DA:34,1
DA:35,1
LF:35
LH:35
BRDA:10,0,0,1
BRDA:11,1,0,2
BRDA:16,2,0,3
BRDA:21,3,0,1
BRDA:24,4,0,2
BRF:5
BRH:5
end_of_record
