TN:
SF:src/modules/tasks/services/CreateTaskService.ts
FN:11,CreateTaskService
FN:16,Object.<anonymous>.CreateTaskService.execute
FNF:2
FNH:2
FNDA:2,CreateTaskService
FNDA:3,Object.<anonymous>.CreateTaskService.execute
DA:1,1
DA:2,1
DA:3,1
DA:4,1
DA:5,1
DA:6,1
DA:7,1
DA:8,1
DA:9,1
DA:10,1
DA:11,1
DA:12,2
DA:13,2
DA:14,2
DA:15,1
DA:16,1
DA:17,3
DA:18,3
DA:19,3
DA:20,3
DA:21,3
DA:22,3
DA:23,3
DA:24,3
DA:25,3
DA:26,3
DA:27,1
DA:28,1
DA:29,2
DA:30,2
DA:31,2
DA:32,2
DA:33,2
DA:34,2
DA:35,2
DA:36,3
DA:37,3
DA:38,3
DA:39,1
DA:40,1
DA:41,1
LF:41
LH:41
BRDA:10,0,0,1
BRDA:11,1,0,2
BRDA:16,2,0,3
BRDA:26,3,0,1
BRDA:29,4,0,2
BRF:5
BRH:5
end_of_record
TN:
SF:src/modules/users/services/AuthenticateUserService.ts
FN:22,AuthenticateUserService
FN:30,Object.<anonymous>.AuthenticateUserService.execute
FNF:2
FNH:2
FNDA:3,AuthenticateUserService
FNDA:3,Object.<anonymous>.AuthenticateUserService.execute
DA:1,1
DA:2,1
DA:3,1
DA:4,1
DA:5,1
DA:6,1
DA:7,1
DA:8,1
DA:9,1
DA:10,1
DA:11,1
DA:12,1
DA:13,1
DA:14,1
DA:15,1
DA:16,1
DA:17,1
DA:18,1
DA:19,1
DA:20,1
DA:21,1
DA:22,1
DA:23,3
DA:24,3
DA:25,3
DA:26,3
DA:27,3
DA:28,3
DA:29,1
DA:30,1
DA:31,3
DA:32,3
DA:33,3
DA:34,1
DA:35,1
DA:36,2
DA:37,2
DA:38,2
DA:39,2
DA:40,2
DA:41,3
DA:42,3
DA:43,1
DA:44,1
DA:45,1
DA:46,1
DA:47,1
DA:48,1
DA:49,1
DA:50,1
DA:51,1
DA:52,1
DA:53,1
DA:54,1
DA:55,1
DA:56,1
DA:57,3
DA:58,1
DA:59,1
DA:60,1
LF:60
LH:60
BRDA:21,0,0,1
BRDA:22,1,0,3
BRDA:30,2,0,3
BRDA:31,3,0,3
BRDA:33,4,0,1
BRDA:36,5,0,2
BRDA:42,6,0,1
BRF:7
BRH:7
end_of_record
TN:
SF:src/modules/users/services/CreateUserService.ts
FN:11,CreateUserService
FN:19,Object.<anonymous>.CreateUserService.execute
FNF:2
FNH:2
FNDA:5,CreateUserService
FNDA:6,Object.<anonymous>.CreateUserService.execute
DA:1,1
DA:2,1
DA:3,1
DA:4,1
DA:5,1
DA:6,1
DA:7,1
DA:8,1
DA:9,1
DA:10,2
DA:11,2
DA:12,5
DA:13,5
DA:14,5
DA:15,5
DA:16,5
DA:17,5
DA:18,2
DA:19,2
DA:20,6
DA:21,6
DA:22,6
DA:23,6
DA:24,6
DA:25,6
DA:26,6
DA:27,1
DA:28,1
DA:29,5
DA:30,5
DA:31,6
DA:32,6
DA:33,6
DA:34,6
DA:35,6
DA:36,6
DA:37,6
DA:38,6
DA:39,6
DA:40,2
DA:41,1
DA:42,1
LF:42
LH:42
BRDA:10,0,0,2
BRDA:11,1,0,5
BRDA:19,2,0,6
BRDA:24,3,0,6
BRDA:26,4,0,1
BRDA:29,5,0,5
BRF:6
BRH:6
end_of_record
